Removed Pin From Net: NetName=VCC Pin=H3-1
Removed Pin From Net: NetName=GND Pin=H3-4
Removed Member From Class: ClassName=Sheet1 Member=H3
Change Component Footprint: Designator=H2 Old Footprint=HDR1X3 New Footprint=Header 3P DC 2.54
Change Component Footprint: Designator=H1 Old Footprint=HDR1X6 New Footprint=Header 6P DC 2.54
Change Component Comment : Designator=H2 Old Comment=Header 3 New Comment=Header 3P
Change Component Comment : Designator=H1 Old Comment=Header 6 New Comment=Header 6P 2.54
Change component parameters: Designator = "H1" ("H1"); Footprint = "HDR1X6"; UniqueID = "\MRTJKNWZ" ("\MRTJKNWZ")
Change component parameters (AddParameter): Name = "Chung_Loai"; Value = "C?m"; VariantName = "[No Variations]"
Change component parameters (AddParameter): Name = "Don_Vi"; Value = "Con"; VariantName = "[No Variations]"
Change component parameters (AddParameter): Name = "Ghi_Chu"; Value = ""; VariantName = "[No Variations]"
Change component parameters (AddParameter): Name = "Kieu_Chan"; Value = ""; VariantName = "[No Variations]"
Change component parameters (AddParameter): Name = "Ma_Hang"; Value = "MH003363"; VariantName = "[No Variations]"
Change component parameters (AddParameter): Name = "Ten_Linh_Kien"; Value = "Header 6P XH2.54-6P Ð?c Cong"; VariantName = "[No Variations]"
Change component parameters: Designator = "H2" ("H2"); Footprint = "HDR1X3"; UniqueID = "\VVLSYYVF" ("\VVLSYYVF")
Change component parameters (AddParameter): Name = "Chung_Loai"; Value = "C?m"; VariantName = "[No Variations]"
Change component parameters (AddParameter): Name = "Don_Vi"; Value = "Con"; VariantName = "[No Variations]"
Change component parameters (AddParameter): Name = "Ghi_Chu"; Value = ""; VariantName = "[No Variations]"
Change component parameters (AddParameter): Name = "Kieu_Chan"; Value = ""; VariantName = "[No Variations]"
Change component parameters (AddParameter): Name = "Ma_Hang"; Value = "MH001302"; VariantName = "[No Variations]"
Change component parameters (AddParameter): Name = "Ten_Linh_Kien"; Value = "Header 3P XH2.54-3P Ð?c Cong"; VariantName = "[No Variations]"
Added Component: Designator=H?(Header 4P DC 2.54)
Add component (AddParameter): Name = "Chung_Loai"; Value = "C?m"; VariantName = "[No Variations]"
Add component (AddParameter): Name = "Don_Vi"; Value = "Con"; VariantName = "[No Variations]"
Add component (AddParameter): Name = "Ghi_Chu"; Value = ""; VariantName = "[No Variations]"
Add component (AddParameter): Name = "Kieu_Chan"; Value = ""; VariantName = "[No Variations]"
Add component (AddParameter): Name = "Ma_Hang"; Value = "MH001310"; VariantName = "[No Variations]"
Add component (AddParameter): Name = "Ten_Linh_Kien"; Value = "Header 4P XH2.54-4P Ð?c Cong"; VariantName = "[No Variations]"
Added Pin To Net: NetName=VCC Pin=H?-1
Added Pin To Net: NetName=GND Pin=H?-4
Added Member To Class: ClassName=Sheet1 Member=Component H? Header 4P 2.54
