Removed Pin From Net: NetName=5V Pin=C1-1
Removed Pin From Net: NetName=GND Pin=C1-2
Removed Pin From Net: NetName=3.3V Pin=C2-1
Removed Pin From Net: NetName=GND Pin=C2-2
Removed Pin From Net: NetName=3.3V Pin=C4-1
Removed Pin From Net: NetName=GND Pin=C4-2
Removed Pin From Net: NetName=GND Pin=C5-1
Removed Pin From Net: NetName=3.3V Pin=C5-2
Removed Pin From Net: NetName=5V Pin=C6-1
Removed Pin From Net: NetName=GND Pin=C6-2
Removed Pin From Net: NetName=5V Pin=D1-1
Removed Pin From Net: NetName=5V Pin=D1-2
Removed Pin From Net: NetName=GND Pin=D2-1
Removed Pin From Net: NetName=GND Pin=H1-2
Removed Pin From Net: NetName=A6 Pin=H1-3
Removed Pin From Net: NetName=GND Pin=H1-4
Removed Pin From Net: NetName=A2 Pin=H1-5
Removed Pin From Net: NetName=5V Pin=H1-6
Removed Pin From Net: NetName=3.3V Pin=H2-1
Removed Pin From Net: NetName=A0 Pin=H2-2
Removed Pin From Net: NetName=GND Pin=H2-3
Removed Pin From Net: NetName=5V Pin=H3-1
Removed Pin From Net: NetName=GND Pin=H3-2
Removed Pin From Net: NetName=A1 Pin=H3-4
Removed Pin From Net: NetName=GND Pin=H4-1
Removed Pin From Net: NetName=GND Pin=H4-2
Removed Pin From Net: NetName=Tx Pin=H4-3
Removed Pin From Net: NetName=Rx Pin=H4-4
Removed Pin From Net: NetName=3.3V Pin=H4-6
Removed Pin From Net: NetName=GND Pin=H4-7
Removed Pin From Net: NetName=5V Pin=KF1-1
Removed Pin From Net: NetName=GND Pin=KF1-2
Removed Pin From Net: NetName=3.3V Pin=L1-2
Removed Pin From Net: NetName=5V Pin=LM1-1
Removed Pin From Net: NetName=GND Pin=LM1-3
Removed Pin From Net: NetName=3.3V Pin=LM1-4
Removed Pin From Net: NetName=GND Pin=LM1-5
Removed Pin From Net: NetName=GND Pin=LM1-6
Removed Pin From Net: NetName=5V Pin=R1-1
